[2026/5/24 22:00:54] ━━━━━━━━━━━━━━━━━━━━━━━━━━
[2026/5/24 22:00:54] 📋 默裕企服 - 表单接收服务
[2026/5/24 22:00:54] 📍 http://localhost:3456
[2026/5/24 22:00:54] 📁 线索保存: D:\鼎信助贷官网\leads.csv
[2026/5/24 22:00:54] ━━━━━━━━━━━━━━━━━━━━━━━━━━
[2026/5/24 22:01:42] 解析错误: Expected property name or '}' in JSON at position 1 (line 1 column 2)
[2026/5/24 22:01:47] 新线索已保存: 测试 / 13800138000
[2026/5/24 22:08:30] ━━━━━━━━━━━━━━━━━━━━━━━━━━━━━━━━━
[2026/5/24 22:08:30] 📋 默裕企服 - 表单接收服务
[2026/5/24 22:08:30] 📍 http://localhost:3456
[2026/5/24 22:08:30] 📁 线索保存: D:\鼎信助贷官网\leads.csv
[2026/5/24 22:08:30] 📨 邮件接收: 1722969492@qq.com
[2026/5/24 22:08:30] ━━━━━━━━━━━━━━━━━━━━━━━━━━━━━━━━━
[2026/5/24 22:08:30] ⚠️ 邮件未配置: 请在 email-config.js 填写QQ邮箱授权码
[2026/5/24 22:27:45] ━━━━━━━━━━━━━━━━━━━━━━━━━━━━━━━━━
[2026/5/24 22:27:45] 默裕企服 - 表单接收服务
[2026/5/24 22:27:45] http://localhost:3456
[2026/5/24 22:27:45] CSV: D:\鼎信助贷官网\leads.csv
[2026/5/24 22:27:45] 通知方式: GitHub Issue → QQ邮箱
[2026/5/24 22:27:45] ━━━━━━━━━━━━━━━━━━━━━━━━━━━━━━━━━
[2026/5/24 22:28:27] 新线索: 测试 / 13800138000
[2026/5/24 22:28:29] GitHub Issue 已创建: https://github.com/1722969492/dingxin-loan/issues/1
